-------------------------------------------------------------------------------
Test set: com.agt.test.LoginTest
-------------------------------------------------------------------------------
Tests run: 4, Failures: 1, Errors: 0, Skipped: 0, Time elapsed: 0.645 sec <<< FAILURE!
failedTest(com.agt.test.LoginTest)  Time elapsed: 0.017 sec  <<< FAILURE!
java.lang.AssertionError: expected [true] but found [false]
	at org.testng.Assert.fail(Assert.java:96)
	at org.testng.Assert.failNotEquals(Assert.java:776)
	at org.testng.Assert.assertTrue(Assert.java:44)
	at org.testng.Assert.assertTrue(Assert.java:54)
	at com.agt.test.LoginTest.failedTest(LoginTest.java:22)

